{"level":"info","message":"Server is running on port 3000","timestamp":"2025-04-13T08:30:53.262Z"}
{"level":"info","message":"MongoDB connected successfully","timestamp":"2025-04-13T08:30:53.352Z"}
{"level":"info","message":"Server is running on port 3000","timestamp":"2025-04-13T09:46:05.647Z"}
{"level":"info","message":"MongoDB connected successfully","timestamp":"2025-04-13T09:46:05.704Z"}
{"level":"info","message":"POST /api/staff/register","timestamp":"2025-04-13T09:49:35.935Z"}
{"level":"info","message":"POST /api/staff/register","timestamp":"2025-04-13T09:50:01.296Z"}
{"level":"info","message":"POST /api/staff/register","timestamp":"2025-04-13T09:50:14.880Z"}
{"level":"info","message":"POST /api/staff/register","timestamp":"2025-04-13T09:51:36.524Z"}
{"level":"info","message":"New staff registered: john@example.com","timestamp":"2025-04-13T09:51:36.713Z"}
{"level":"info","message":"POST /api/staff/register","timestamp":"2025-04-13T09:52:35.556Z"}
{"level":"info","message":"POST /api/staff/register","timestamp":"2025-04-13T09:53:31.365Z"}
{"level":"info","message":"POST /api/staff/login","timestamp":"2025-04-13T09:53:42.891Z"}
{"level":"info","message":"Staff logged in: john@example.com","timestamp":"2025-04-13T09:53:43.017Z"}
{"level":"info","message":"GET /api/orders","timestamp":"2025-04-13T09:57:29.684Z"}
{"level":"info","message":"POST /api/orders","timestamp":"2025-04-13T09:59:13.358Z"}
{"level":"info","message":"POST /api/orders","timestamp":"2025-04-13T09:59:49.539Z"}
{"level":"info","message":"POST /api/products","timestamp":"2025-04-13T10:01:25.288Z"}
{"level":"info","message":"New product created: PROD001","timestamp":"2025-04-13T10:01:25.299Z"}
{"level":"info","message":"POST /api/orders","timestamp":"2025-04-13T10:01:35.388Z"}
{"level":"info","message":"New order created: ORD20250413001","timestamp":"2025-04-13T10:01:35.412Z"}
{"level":"info","message":"GET /api/orders","timestamp":"2025-04-13T10:01:41.399Z"}
{"level":"info","message":"POST /api/orders/67fb8b7fcbe774eadcf9f26d/status","timestamp":"2025-04-13T10:05:04.319Z"}
{"level":"info","message":"PATCH /api/orders/67fb8b7fcbe774eadcf9f26d/status","timestamp":"2025-04-13T10:05:30.907Z"}
{"level":"info","message":"PATCH /api/orders/67fb8b7fcbe774eadcf9f26d/status","timestamp":"2025-04-13T10:05:40.227Z"}
{"level":"error","message":"Update order status error: Order validation failed: orderStatus: `In Progress` is not a valid enum value for path `orderStatus`.","timestamp":"2025-04-13T10:05:40.237Z"}
{"level":"info","message":"PATCH /api/orders/67fb8b7fcbe774eadcf9f26d/status","timestamp":"2025-04-13T10:06:17.618Z"}
{"level":"info","message":"Order status updated: ORD20250413001 - WIP","timestamp":"2025-04-13T10:06:17.625Z"}
{"level":"info","message":"GET /api/orders","timestamp":"2025-04-13T10:06:28.942Z"}
{"level":"info","message":"POST /api/stations","timestamp":"2025-04-13T10:09:15.082Z"}
{"level":"info","message":"POST /api/stations","timestamp":"2025-04-13T10:09:22.959Z"}
{"level":"info","message":"New station created: ST001","timestamp":"2025-04-13T10:09:22.969Z"}
{"level":"info","message":"PATCH /api/orders/67fb8b7fcbe774eadcf9f26d/assign","timestamp":"2025-04-13T10:11:00.688Z"}
{"level":"info","message":"PATCH /api/orders/67fb8b7fcbe774eadcf9f26d/assign","timestamp":"2025-04-13T10:11:11.410Z"}
{"level":"info","message":"Order ORD20250413001 assigned to station ST001","timestamp":"2025-04-13T10:11:11.437Z"}
{"level":"info","message":"Server is running on port 3000","timestamp":"2025-04-13T10:33:37.755Z"}
{"level":"info","message":"MongoDB connected successfully","timestamp":"2025-04-13T10:33:37.782Z"}
{"level":"info","message":"POST /api/orders","timestamp":"2025-04-13T10:41:12.885Z"}
{"level":"info","message":"POST /api/orders","timestamp":"2025-04-13T10:41:39.368Z"}
{"level":"info","message":"POST /api/staff/login","timestamp":"2025-04-13T10:42:01.485Z"}
{"level":"info","message":"POST /api/staff/login","timestamp":"2025-04-13T11:00:20.944Z"}
{"level":"info","message":"Server is running on port 3000","timestamp":"2025-04-13T11:00:36.732Z"}
{"level":"info","message":"MongoDB connected successfully","timestamp":"2025-04-13T11:00:36.761Z"}
{"level":"info","message":"POST /api/staff/login","timestamp":"2025-04-13T11:00:40.046Z"}
{"level":"info","message":"Staff logged in: john@example.com","timestamp":"2025-04-13T11:00:40.213Z"}
{"level":"info","message":"POST /api/orders","timestamp":"2025-04-13T11:01:05.228Z"}
{"level":"info","message":"New order created: ORD20250413002","timestamp":"2025-04-13T11:01:05.318Z"}
{"level":"info","message":"GET /api/orders/67fb8b75cbe774eadcf9f26","timestamp":"2025-04-13T11:01:49.479Z"}
{"level":"error","message":"Get order by ID error: Cast to ObjectId failed for value \"67fb8b75cbe774eadcf9f26\" (type string) at path \"_id\" for model \"Order\"","timestamp":"2025-04-13T11:01:49.489Z"}
{"level":"info","message":"PATCH /api/orders/67fb99715b60a2c7abdcbd8d/status","timestamp":"2025-04-13T11:02:30.788Z"}
{"level":"error","message":"Update order status error: Order validation failed: orderStatus: `WIP` is not a valid enum value for path `orderStatus`.","timestamp":"2025-04-13T11:02:30.799Z"}
{"level":"info","message":"PATCH /api/orders/67fb99715b60a2c7abdcbd8d/status","timestamp":"2025-04-13T11:03:51.465Z"}
{"level":"error","message":"Update order status error: Order validation failed: orderStatus: `WIP` is not a valid enum value for path `orderStatus`.","timestamp":"2025-04-13T11:03:51.504Z"}
{"level":"info","message":"PATCH /api/orders/67fb99715b60a2c7abdcbd8d/status","timestamp":"2025-04-13T11:03:55.098Z"}
{"level":"error","message":"Update order status error: Order validation failed: orderStatus: `WIP` is not a valid enum value for path `orderStatus`.","timestamp":"2025-04-13T11:03:55.108Z"}
{"level":"info","message":"Server is running on port 3000","timestamp":"2025-04-13T11:04:39.406Z"}
{"level":"info","message":"MongoDB connected successfully","timestamp":"2025-04-13T11:04:39.423Z"}
{"level":"info","message":"PATCH /api/orders/67fb99715b60a2c7abdcbd8d/status","timestamp":"2025-04-13T11:04:42.784Z"}
{"level":"info","message":"Order status updated: ORD20250413002 - WIP","timestamp":"2025-04-13T11:04:42.839Z"}
{"level":"info","message":"POST /api/stations","timestamp":"2025-04-13T11:05:55.508Z"}
